{"/Users/zhuhaobo/ProjectsAndKnowledge/careerhunt/monorepo-practice/apps/back-end/src/index.ts": {"path":"/Users/zhuhaobo/ProjectsAndKnowledge/careerhunt/monorepo-practice/apps/back-end/src/index.ts","all":true,"statementMap":{"0":{"start":{"line":1,"column":0},"end":{"line":1,"column":35}},"1":{"start":{"line":2,"column":0},"end":{"line":2,"column":16}}},"s":{"0":0,"1":0},"branchMap":{"0":{"type":"branch","line":1,"loc":{"start":{"line":1,"column":52},"end":{"line":2,"column":16}},"locations":[{"start":{"line":1,"column":52},"end":{"line":2,"column":16}}]}},"b":{"0":[0]},"fnMap":{"0":{"name":"(empty-report)","decl":{"start":{"line":1,"column":52},"end":{"line":2,"column":16}},"loc":{"start":{"line":1,"column":52},"end":{"line":2,"column":16}},"line":1}},"f":{"0":0}}
,"/Users/zhuhaobo/ProjectsAndKnowledge/careerhunt/monorepo-practice/apps/front-end/src/index.ts": {"path":"/Users/zhuhaobo/ProjectsAndKnowledge/careerhunt/monorepo-practice/apps/front-end/src/index.ts","all":true,"statementMap":{"0":{"start":{"line":1,"column":0},"end":{"line":1,"column":36}},"1":{"start":{"line":2,"column":0},"end":{"line":2,"column":51}},"2":{"start":{"line":3,"column":0},"end":{"line":3,"column":36}},"3":{"start":{"line":4,"column":0},"end":{"line":4,"column":3}}},"s":{"0":0,"1":0,"2":0,"3":0},"branchMap":{"0":{"type":"branch","line":1,"loc":{"start":{"line":1,"column":129},"end":{"line":4,"column":3}},"locations":[{"start":{"line":1,"column":129},"end":{"line":4,"column":3}}]}},"b":{"0":[0]},"fnMap":{"0":{"name":"(empty-report)","decl":{"start":{"line":1,"column":129},"end":{"line":4,"column":3}},"loc":{"start":{"line":1,"column":129},"end":{"line":4,"column":3}},"line":1}},"f":{"0":0}}
,"/Users/zhuhaobo/ProjectsAndKnowledge/careerhunt/monorepo-practice/packages/components/src/index.ts": {"path":"/Users/zhuhaobo/ProjectsAndKnowledge/careerhunt/monorepo-practice/packages/components/src/index.ts","all":true,"statementMap":{"0":{"start":{"line":1,"column":0},"end":{"line":1,"column":37}}},"s":{"0":0},"branchMap":{"0":{"type":"branch","line":1,"loc":{"start":{"line":1,"column":37},"end":{"line":1,"column":37}},"locations":[{"start":{"line":1,"column":37},"end":{"line":1,"column":37}}]}},"b":{"0":[0]},"fnMap":{"0":{"name":"(empty-report)","decl":{"start":{"line":1,"column":37},"end":{"line":1,"column":37}},"loc":{"start":{"line":1,"column":37},"end":{"line":1,"column":37}},"line":1}},"f":{"0":0}}
,"/Users/zhuhaobo/ProjectsAndKnowledge/careerhunt/monorepo-practice/packages/core/src/index.ts": {"path":"/Users/zhuhaobo/ProjectsAndKnowledge/careerhunt/monorepo-practice/packages/core/src/index.ts","all":true,"statementMap":{"0":{"start":{"line":1,"column":0},"end":{"line":1,"column":31}}},"s":{"0":0},"branchMap":{"0":{"type":"branch","line":1,"loc":{"start":{"line":1,"column":31},"end":{"line":1,"column":31}},"locations":[{"start":{"line":1,"column":31},"end":{"line":1,"column":31}}]}},"b":{"0":[0]},"fnMap":{"0":{"name":"(empty-report)","decl":{"start":{"line":1,"column":31},"end":{"line":1,"column":31}},"loc":{"start":{"line":1,"column":31},"end":{"line":1,"column":31}},"line":1}},"f":{"0":0}}
}
